{"/Users/amartinarias/Documents/Development/Personal Projects/worldbank-app/frontend/src/App.vue": {"path":"/Users/amartinarias/Documents/Development/Personal Projects/worldbank-app/frontend/src/App.vue","all":true,"statementMap":{"0":{"start":{"line":1,"column":0},"end":{"line":1,"column":14}},"1":{"start":{"line":2,"column":0},"end":{"line":2,"column":59}},"2":{"start":{"line":3,"column":0},"end":{"line":3,"column":9}},"3":{"start":{"line":4,"column":0},"end":{"line":4,"column":0}},"4":{"start":{"line":5,"column":0},"end":{"line":5,"column":10}},"5":{"start":{"line":6,"column":0},"end":{"line":6,"column":19}},"6":{"start":{"line":7,"column":0},"end":{"line":7,"column":11}},"7":{"start":{"line":8,"column":0},"end":{"line":8,"column":0}},"8":{"start":{"line":9,"column":0},"end":{"line":9,"column":14}},"9":{"start":{"line":10,"column":0},"end":{"line":10,"column":8}}},"s":{"0":0,"1":0,"2":0,"3":0,"4":0,"5":0,"6":0,"7":0,"8":0,"9":0},"branchMap":{"0":{"type":"branch","line":1,"loc":{"start":{"line":1,"column":0},"end":{"line":10,"column":8}},"locations":[{"start":{"line":1,"column":0},"end":{"line":10,"column":8}}]}},"b":{"0":[0]},"fnMap":{"0":{"name":"(empty-report)","decl":{"start":{"line":1,"column":0},"end":{"line":10,"column":8}},"loc":{"start":{"line":1,"column":0},"end":{"line":10,"column":8}},"line":1}},"f":{"0":0}}
,"/Users/amartinarias/Documents/Development/Personal Projects/worldbank-app/frontend/src/main.js": {"path":"/Users/amartinarias/Documents/Development/Personal Projects/worldbank-app/frontend/src/main.js","all":true,"statementMap":{"0":{"start":{"line":1,"column":0},"end":{"line":1,"column":31}},"1":{"start":{"line":2,"column":0},"end":{"line":2,"column":20}},"2":{"start":{"line":3,"column":0},"end":{"line":3,"column":27}},"3":{"start":{"line":4,"column":0},"end":{"line":4,"column":0}},"4":{"start":{"line":5,"column":0},"end":{"line":5,"column":28}}},"s":{"0":0,"1":0,"2":0,"3":0,"4":0},"branchMap":{"0":{"type":"branch","line":1,"loc":{"start":{"line":1,"column":0},"end":{"line":5,"column":28}},"locations":[{"start":{"line":1,"column":0},"end":{"line":5,"column":28}}]}},"b":{"0":[0]},"fnMap":{"0":{"name":"(empty-report)","decl":{"start":{"line":1,"column":0},"end":{"line":5,"column":28}},"loc":{"start":{"line":1,"column":0},"end":{"line":5,"column":28}},"line":1}},"f":{"0":0}}
,"/Users/amartinarias/Documents/Development/Personal Projects/worldbank-app/frontend/src/components/CountrySearch.vue": {"path":"/Users/amartinarias/Documents/Development/Personal Projects/worldbank-app/frontend/src/components/CountrySearch.vue","all":false,"statementMap":{"2":{"start":{"line":3,"column":0},"end":{"line":3,"column":28}},"3":{"start":{"line":4,"column":0},"end":{"line":4,"column":62}},"4":{"start":{"line":5,"column":0},"end":{"line":5,"column":61}},"5":{"start":{"line":6,"column":0},"end":{"line":6,"column":63}},"6":{"start":{"line":7,"column":0},"end":{"line":7,"column":61}},"8":{"start":{"line":9,"column":0},"end":{"line":9,"column":52}},"9":{"start":{"line":10,"column":0},"end":{"line":10,"column":74}},"10":{"start":{"line":11,"column":0},"end":{"line":11,"column":74}},"11":{"start":{"line":12,"column":0},"end":{"line":12,"column":18}},"12":{"start":{"line":13,"column":0},"end":{"line":13,"column":17}},"13":{"start":{"line":14,"column":0},"end":{"line":14,"column":2}},"15":{"start":{"line":16,"column":0},"end":{"line":16,"column":55}},"16":{"start":{"line":17,"column":0},"end":{"line":17,"column":70}},"18":{"start":{"line":19,"column":0},"end":{"line":19,"column":3}},"19":{"start":{"line":20,"column":0},"end":{"line":20,"column":63}},"20":{"start":{"line":21,"column":0},"end":{"line":21,"column":46}},"21":{"start":{"line":22,"column":0},"end":{"line":22,"column":3}},"22":{"start":{"line":23,"column":0},"end":{"line":23,"column":31}},"23":{"start":{"line":24,"column":0},"end":{"line":24,"column":37}},"24":{"start":{"line":25,"column":0},"end":{"line":25,"column":38}},"25":{"start":{"line":26,"column":0},"end":{"line":26,"column":50}},"26":{"start":{"line":27,"column":0},"end":{"line":27,"column":51}},"28":{"start":{"line":29,"column":0},"end":{"line":29,"column":43}},"30":{"start":{"line":31,"column":0},"end":{"line":31,"column":54}},"31":{"start":{"line":32,"column":0},"end":{"line":32,"column":20}},"32":{"start":{"line":33,"column":0},"end":{"line":33,"column":47}},"33":{"start":{"line":34,"column":0},"end":{"line":34,"column":3}},"34":{"start":{"line":35,"column":0},"end":{"line":35,"column":1}},"36":{"start":{"line":37,"column":0},"end":{"line":37,"column":53}},"37":{"start":{"line":38,"column":0},"end":{"line":38,"column":33}},"38":{"start":{"line":39,"column":0},"end":{"line":39,"column":57}},"39":{"start":{"line":40,"column":0},"end":{"line":40,"column":45}},"40":{"start":{"line":41,"column":0},"end":{"line":41,"column":46}},"42":{"start":{"line":43,"column":0},"end":{"line":43,"column":37}},"43":{"start":{"line":44,"column":0},"end":{"line":44,"column":48}},"44":{"start":{"line":45,"column":0},"end":{"line":45,"column":12}},"45":{"start":{"line":46,"column":0},"end":{"line":46,"column":71}},"46":{"start":{"line":47,"column":0},"end":{"line":47,"column":18}},"47":{"start":{"line":48,"column":0},"end":{"line":48,"column":5}},"48":{"start":{"line":49,"column":0},"end":{"line":49,"column":10}},"49":{"start":{"line":50,"column":0},"end":{"line":50,"column":52}},"50":{"start":{"line":51,"column":0},"end":{"line":51,"column":16}},"51":{"start":{"line":52,"column":0},"end":{"line":52,"column":3}},"52":{"start":{"line":53,"column":0},"end":{"line":53,"column":3}},"56":{"start":{"line":57,"column":0},"end":{"line":57,"column":40}},"57":{"start":{"line":58,"column":0},"end":{"line":58,"column":31}},"58":{"start":{"line":59,"column":0},"end":{"line":59,"column":10}},"59":{"start":{"line":60,"column":0},"end":{"line":60,"column":41}},"60":{"start":{"line":61,"column":0},"end":{"line":61,"column":29}},"61":{"start":{"line":62,"column":0},"end":{"line":62,"column":24}},"62":{"start":{"line":63,"column":0},"end":{"line":63,"column":8}},"63":{"start":{"line":64,"column":0},"end":{"line":64,"column":52}},"64":{"start":{"line":65,"column":0},"end":{"line":65,"column":13}},"66":{"start":{"line":67,"column":0},"end":{"line":67,"column":28}},"67":{"start":{"line":68,"column":0},"end":{"line":68,"column":59}},"68":{"start":{"line":69,"column":0},"end":{"line":69,"column":38}},"69":{"start":{"line":70,"column":0},"end":{"line":70,"column":14}},"70":{"start":{"line":71,"column":0},"end":{"line":71,"column":21}},"71":{"start":{"line":72,"column":0},"end":{"line":72,"column":23}},"72":{"start":{"line":73,"column":0},"end":{"line":73,"column":35}},"73":{"start":{"line":74,"column":0},"end":{"line":74,"column":62}},"74":{"start":{"line":75,"column":0},"end":{"line":75,"column":37}},"75":{"start":{"line":76,"column":0},"end":{"line":76,"column":56}},"76":{"start":{"line":77,"column":0},"end":{"line":77,"column":37}},"77":{"start":{"line":78,"column":0},"end":{"line":78,"column":10}},"78":{"start":{"line":79,"column":0},"end":{"line":79,"column":15}},"79":{"start":{"line":80,"column":0},"end":{"line":80,"column":31}},"80":{"start":{"line":81,"column":0},"end":{"line":81,"column":31}},"81":{"start":{"line":82,"column":0},"end":{"line":82,"column":31}},"83":{"start":{"line":84,"column":0},"end":{"line":84,"column":53}},"84":{"start":{"line":85,"column":0},"end":{"line":85,"column":17}},"85":{"start":{"line":86,"column":0},"end":{"line":86,"column":12}},"86":{"start":{"line":87,"column":0},"end":{"line":87,"column":64}},"87":{"start":{"line":88,"column":0},"end":{"line":88,"column":32}},"88":{"start":{"line":89,"column":0},"end":{"line":89,"column":14}},"89":{"start":{"line":90,"column":0},"end":{"line":90,"column":10}},"91":{"start":{"line":92,"column":0},"end":{"line":92,"column":30}},"92":{"start":{"line":93,"column":0},"end":{"line":93,"column":52}},"93":{"start":{"line":94,"column":0},"end":{"line":94,"column":35}},"94":{"start":{"line":95,"column":0},"end":{"line":95,"column":60}},"95":{"start":{"line":96,"column":0},"end":{"line":96,"column":12}},"97":{"start":{"line":98,"column":0},"end":{"line":98,"column":51}},"98":{"start":{"line":99,"column":0},"end":{"line":99,"column":19}},"99":{"start":{"line":100,"column":0},"end":{"line":100,"column":12}},"101":{"start":{"line":102,"column":0},"end":{"line":102,"column":56}},"102":{"start":{"line":103,"column":0},"end":{"line":103,"column":68}},"103":{"start":{"line":104,"column":0},"end":{"line":104,"column":11}},"104":{"start":{"line":105,"column":0},"end":{"line":105,"column":34}},"105":{"start":{"line":106,"column":0},"end":{"line":106,"column":62}},"106":{"start":{"line":107,"column":0},"end":{"line":107,"column":12}},"107":{"start":{"line":108,"column":0},"end":{"line":108,"column":11}},"108":{"start":{"line":109,"column":0},"end":{"line":109,"column":33}},"109":{"start":{"line":110,"column":0},"end":{"line":110,"column":64}},"110":{"start":{"line":111,"column":0},"end":{"line":111,"column":12}},"111":{"start":{"line":112,"column":0},"end":{"line":112,"column":11}},"112":{"start":{"line":113,"column":0},"end":{"line":113,"column":39}},"113":{"start":{"line":114,"column":0},"end":{"line":114,"column":69}},"114":{"start":{"line":115,"column":0},"end":{"line":115,"column":12}},"115":{"start":{"line":116,"column":0},"end":{"line":116,"column":11}},"116":{"start":{"line":117,"column":0},"end":{"line":117,"column":35}},"117":{"start":{"line":118,"column":0},"end":{"line":118,"column":59}},"118":{"start":{"line":119,"column":0},"end":{"line":119,"column":12}},"119":{"start":{"line":120,"column":0},"end":{"line":120,"column":11}},"120":{"start":{"line":121,"column":0},"end":{"line":121,"column":36}},"121":{"start":{"line":122,"column":0},"end":{"line":122,"column":60}},"122":{"start":{"line":123,"column":0},"end":{"line":123,"column":12}},"123":{"start":{"line":124,"column":0},"end":{"line":124,"column":12}},"124":{"start":{"line":125,"column":0},"end":{"line":125,"column":62}},"125":{"start":{"line":126,"column":0},"end":{"line":126,"column":26}},"126":{"start":{"line":127,"column":0},"end":{"line":127,"column":39}},"127":{"start":{"line":128,"column":0},"end":{"line":128,"column":9}},"129":{"start":{"line":130,"column":0},"end":{"line":130,"column":14}},"130":{"start":{"line":131,"column":0},"end":{"line":131,"column":10}},"131":{"start":{"line":132,"column":0},"end":{"line":132,"column":21}},"134":{"start":{"line":135,"column":0},"end":{"line":135,"column":29}},"135":{"start":{"line":136,"column":0},"end":{"line":136,"column":9}},"137":{"start":{"line":138,"column":0},"end":{"line":138,"column":12}},"138":{"start":{"line":139,"column":0},"end":{"line":139,"column":12}},"140":{"start":{"line":141,"column":0},"end":{"line":141,"column":77}},"141":{"start":{"line":142,"column":0},"end":{"line":142,"column":33}},"142":{"start":{"line":143,"column":0},"end":{"line":143,"column":76}},"143":{"start":{"line":144,"column":0},"end":{"line":144,"column":21}},"144":{"start":{"line":145,"column":0},"end":{"line":145,"column":11}},"146":{"start":{"line":147,"column":0},"end":{"line":147,"column":12}},"147":{"start":{"line":148,"column":0},"end":{"line":148,"column":64}},"148":{"start":{"line":149,"column":0},"end":{"line":149,"column":12}},"150":{"start":{"line":151,"column":0},"end":{"line":151,"column":42}},"152":{"start":{"line":153,"column":0},"end":{"line":153,"column":12}},"153":{"start":{"line":154,"column":0},"end":{"line":154,"column":10}},"155":{"start":{"line":156,"column":0},"end":{"line":156,"column":31}},"156":{"start":{"line":157,"column":0},"end":{"line":157,"column":11}},"158":{"start":{"line":159,"column":0},"end":{"line":159,"column":10}},"159":{"start":{"line":160,"column":0},"end":{"line":160,"column":43}},"160":{"start":{"line":161,"column":0},"end":{"line":161,"column":25}},"161":{"start":{"line":162,"column":0},"end":{"line":162,"column":35}},"162":{"start":{"line":163,"column":0},"end":{"line":163,"column":28}},"163":{"start":{"line":164,"column":0},"end":{"line":164,"column":9}},"164":{"start":{"line":165,"column":0},"end":{"line":165,"column":12}},"165":{"start":{"line":166,"column":0},"end":{"line":166,"column":16}},"174":{"start":{"line":175,"column":0},"end":{"line":175,"column":13}},"175":{"start":{"line":176,"column":0},"end":{"line":176,"column":8}}},"s":{"2":1,"3":1,"4":1,"5":1,"6":1,"8":1,"9":1,"10":1,"11":1,"12":1,"13":1,"15":1,"16":1,"18":1,"19":1,"20":1,"21":1,"22":2,"23":2,"24":2,"25":2,"26":2,"28":2,"30":2,"31":2,"32":1,"33":1,"34":2,"36":1,"37":1,"38":12,"39":6,"40":6,"42":6,"43":6,"44":6,"45":0,"46":0,"47":0,"48":6,"49":6,"50":6,"51":6,"52":1,"56":1,"57":1,"58":1,"59":1,"60":1,"61":1,"62":1,"63":1,"64":1,"66":1,"67":1,"68":1,"69":1,"70":1,"71":1,"72":1,"73":1,"74":1,"75":1,"76":1,"77":1,"78":1,"79":1,"80":1,"81":1,"83":1,"84":1,"85":1,"86":1,"87":4,"88":1,"89":1,"91":1,"92":1,"93":1,"94":1,"95":1,"97":1,"98":7,"99":48,"101":48,"102":41,"103":41,"104":41,"105":41,"106":41,"107":41,"108":41,"109":41,"110":41,"111":41,"112":41,"113":41,"114":41,"115":41,"116":41,"117":41,"118":41,"119":41,"120":41,"121":41,"122":41,"123":41,"124":41,"125":41,"126":41,"127":41,"129":41,"130":41,"131":41,"134":41,"135":41,"137":41,"138":41,"140":41,"141":35,"142":35,"143":35,"144":35,"146":35,"147":35,"148":35,"150":35,"152":31,"153":1,"155":1,"156":1,"158":1,"159":1,"160":1,"161":1,"162":1,"163":1,"164":1,"165":1,"174":1,"175":1},"branchMap":{"0":{"type":"branch","line":23,"loc":{"start":{"line":23,"column":0},"end":{"line":35,"column":1}},"locations":[{"start":{"line":23,"column":0},"end":{"line":35,"column":1}}]},"1":{"type":"branch","line":25,"loc":{"start":{"line":25,"column":19},"end":{"line":25,"column":38}},"locations":[{"start":{"line":25,"column":19},"end":{"line":25,"column":38}}]},"2":{"type":"branch","line":26,"loc":{"start":{"line":26,"column":25},"end":{"line":26,"column":50}},"locations":[{"start":{"line":26,"column":25},"end":{"line":26,"column":50}}]},"3":{"type":"branch","line":32,"loc":{"start":{"line":32,"column":19},"end":{"line":34,"column":3}},"locations":[{"start":{"line":32,"column":19},"end":{"line":34,"column":3}}]},"4":{"type":"branch","line":38,"loc":{"start":{"line":38,"column":19},"end":{"line":53,"column":2}},"locations":[{"start":{"line":38,"column":19},"end":{"line":53,"column":2}}]},"5":{"type":"branch","line":39,"loc":{"start":{"line":39,"column":14},"end":{"line":39,"column":33}},"locations":[{"start":{"line":39,"column":14},"end":{"line":39,"column":33}}]},"6":{"type":"branch","line":39,"loc":{"start":{"line":39,"column":34},"end":{"line":39,"column":54}},"locations":[{"start":{"line":39,"column":34},"end":{"line":39,"column":54}}]},"7":{"type":"branch","line":39,"loc":{"start":{"line":39,"column":56},"end":{"line":52,"column":3}},"locations":[{"start":{"line":39,"column":56},"end":{"line":52,"column":3}}]},"8":{"type":"branch","line":45,"loc":{"start":{"line":45,"column":5},"end":{"line":48,"column":5}},"locations":[{"start":{"line":45,"column":5},"end":{"line":48,"column":5}}]},"9":{"type":"branch","line":68,"loc":{"start":{"line":68,"column":6},"end":{"line":68,"column":59}},"locations":[{"start":{"line":68,"column":6},"end":{"line":68,"column":59}}]},"10":{"type":"branch","line":74,"loc":{"start":{"line":74,"column":16},"end":{"line":74,"column":62}},"locations":[{"start":{"line":74,"column":16},"end":{"line":74,"column":62}}]},"11":{"type":"branch","line":84,"loc":{"start":{"line":84,"column":22},"end":{"line":84,"column":53}},"locations":[{"start":{"line":84,"column":22},"end":{"line":84,"column":53}}]},"12":{"type":"branch","line":84,"loc":{"start":{"line":84,"column":22},"end":{"line":84,"column":53}},"locations":[{"start":{"line":84,"column":22},"end":{"line":84,"column":53}}]},"13":{"type":"branch","line":87,"loc":{"start":{"line":87,"column":6},"end":{"line":88,"column":32}},"locations":[{"start":{"line":87,"column":6},"end":{"line":88,"column":32}}]},"14":{"type":"branch","line":98,"loc":{"start":{"line":98,"column":22},"end":{"line":153,"column":12}},"locations":[{"start":{"line":98,"column":22},"end":{"line":153,"column":12}}]},"15":{"type":"branch","line":98,"loc":{"start":{"line":98,"column":6},"end":{"line":99,"column":19}},"locations":[{"start":{"line":98,"column":6},"end":{"line":99,"column":19}}]},"16":{"type":"branch","line":102,"loc":{"start":{"line":102,"column":22},"end":{"line":153,"column":12}},"locations":[{"start":{"line":102,"column":22},"end":{"line":153,"column":12}}]},"17":{"type":"branch","line":106,"loc":{"start":{"line":106,"column":43},"end":{"line":106,"column":62}},"locations":[{"start":{"line":106,"column":43},"end":{"line":106,"column":62}}]},"18":{"type":"branch","line":110,"loc":{"start":{"line":110,"column":45},"end":{"line":110,"column":64}},"locations":[{"start":{"line":110,"column":45},"end":{"line":110,"column":64}}]},"19":{"type":"branch","line":114,"loc":{"start":{"line":114,"column":50},"end":{"line":114,"column":69}},"locations":[{"start":{"line":114,"column":50},"end":{"line":114,"column":69}}]},"20":{"type":"branch","line":118,"loc":{"start":{"line":118,"column":40},"end":{"line":118,"column":59}},"locations":[{"start":{"line":118,"column":40},"end":{"line":118,"column":59}}]},"21":{"type":"branch","line":122,"loc":{"start":{"line":122,"column":41},"end":{"line":122,"column":60}},"locations":[{"start":{"line":122,"column":41},"end":{"line":122,"column":60}}]},"22":{"type":"branch","line":141,"loc":{"start":{"line":141,"column":22},"end":{"line":153,"column":12}},"locations":[{"start":{"line":141,"column":22},"end":{"line":153,"column":12}}]},"23":{"type":"branch","line":151,"loc":{"start":{"line":151,"column":6},"end":{"line":153,"column":12}},"locations":[{"start":{"line":151,"column":6},"end":{"line":153,"column":12}}]},"24":{"type":"branch","line":74,"loc":{"start":{"line":74,"column":16},"end":{"line":74,"column":62}},"locations":[{"start":{"line":74,"column":16},"end":{"line":74,"column":62}}]}},"b":{"0":[2],"1":[0],"2":[0],"3":[1],"4":[12],"5":[6],"6":[6],"7":[6],"8":[0],"9":[7],"10":[7],"11":[5],"12":[48],"13":[4],"14":[48],"15":[7],"16":[41],"17":[0],"18":[0],"19":[0],"20":[0],"21":[0],"22":[35],"23":[31],"24":[1]},"fnMap":{"0":{"name":"handleSearch","decl":{"start":{"line":23,"column":0},"end":{"line":35,"column":1}},"loc":{"start":{"line":23,"column":0},"end":{"line":35,"column":1}},"line":23},"1":{"name":"onInput._cache.<computed>._cache.<computed>","decl":{"start":{"line":74,"column":16},"end":{"line":74,"column":62}},"loc":{"start":{"line":74,"column":16},"end":{"line":74,"column":62}},"line":74}},"f":{"0":2,"1":1}}
,"/Users/amartinarias/Documents/Development/Personal Projects/worldbank-app/frontend/src/composables/useLeafletMap.js": {"path":"/Users/amartinarias/Documents/Development/Personal Projects/worldbank-app/frontend/src/composables/useLeafletMap.js","all":false,"statementMap":{"0":{"start":{"line":1,"column":0},"end":{"line":1,"column":18}},"1":{"start":{"line":2,"column":0},"end":{"line":2,"column":73}},"2":{"start":{"line":3,"column":0},"end":{"line":3,"column":58}},"3":{"start":{"line":4,"column":0},"end":{"line":4,"column":48}},"5":{"start":{"line":6,"column":0},"end":{"line":6,"column":3}},"6":{"start":{"line":7,"column":0},"end":{"line":7,"column":58}},"7":{"start":{"line":8,"column":0},"end":{"line":8,"column":34}},"8":{"start":{"line":9,"column":0},"end":{"line":9,"column":3}},"9":{"start":{"line":10,"column":0},"end":{"line":10,"column":47}},"10":{"start":{"line":11,"column":0},"end":{"line":11,"column":34}},"12":{"start":{"line":13,"column":0},"end":{"line":13,"column":7}},"13":{"start":{"line":14,"column":0},"end":{"line":14,"column":42}},"14":{"start":{"line":15,"column":0},"end":{"line":15,"column":38}},"15":{"start":{"line":16,"column":0},"end":{"line":16,"column":39}},"16":{"start":{"line":17,"column":0},"end":{"line":17,"column":82}},"17":{"start":{"line":18,"column":0},"end":{"line":18,"column":65}},"18":{"start":{"line":19,"column":0},"end":{"line":19,"column":7}},"19":{"start":{"line":20,"column":0},"end":{"line":20,"column":93}},"21":{"start":{"line":22,"column":0},"end":{"line":22,"column":25}},"23":{"start":{"line":24,"column":0},"end":{"line":24,"column":67}},"24":{"start":{"line":25,"column":0},"end":{"line":25,"column":26}},"25":{"start":{"line":26,"column":0},"end":{"line":26,"column":109}},"26":{"start":{"line":27,"column":0},"end":{"line":27,"column":19}},"27":{"start":{"line":28,"column":0},"end":{"line":28,"column":9}},"29":{"start":{"line":30,"column":0},"end":{"line":30,"column":76}},"30":{"start":{"line":31,"column":0},"end":{"line":31,"column":32}},"31":{"start":{"line":32,"column":0},"end":{"line":32,"column":39}},"32":{"start":{"line":33,"column":0},"end":{"line":33,"column":37}},"33":{"start":{"line":34,"column":0},"end":{"line":34,"column":9}},"35":{"start":{"line":36,"column":0},"end":{"line":36,"column":13}},"36":{"start":{"line":37,"column":0},"end":{"line":37,"column":80}},"38":{"start":{"line":39,"column":0},"end":{"line":39,"column":79}},"39":{"start":{"line":40,"column":0},"end":{"line":40,"column":122}},"40":{"start":{"line":41,"column":0},"end":{"line":41,"column":28}},"41":{"start":{"line":42,"column":0},"end":{"line":42,"column":40}},"43":{"start":{"line":44,"column":0},"end":{"line":44,"column":54}},"44":{"start":{"line":45,"column":0},"end":{"line":45,"column":99}},"45":{"start":{"line":46,"column":0},"end":{"line":46,"column":36}},"46":{"start":{"line":47,"column":0},"end":{"line":47,"column":45}},"47":{"start":{"line":48,"column":0},"end":{"line":48,"column":41}},"48":{"start":{"line":49,"column":0},"end":{"line":49,"column":33}},"49":{"start":{"line":50,"column":0},"end":{"line":50,"column":20}},"50":{"start":{"line":51,"column":0},"end":{"line":51,"column":94}},"51":{"start":{"line":52,"column":0},"end":{"line":52,"column":13}},"54":{"start":{"line":55,"column":0},"end":{"line":55,"column":21}},"55":{"start":{"line":56,"column":0},"end":{"line":56,"column":89}},"56":{"start":{"line":57,"column":0},"end":{"line":57,"column":36}},"57":{"start":{"line":58,"column":0},"end":{"line":58,"column":43}},"58":{"start":{"line":59,"column":0},"end":{"line":59,"column":41}},"59":{"start":{"line":60,"column":0},"end":{"line":60,"column":13}},"60":{"start":{"line":61,"column":0},"end":{"line":61,"column":9}},"61":{"start":{"line":62,"column":0},"end":{"line":62,"column":6}},"63":{"start":{"line":64,"column":0},"end":{"line":64,"column":29}},"64":{"start":{"line":65,"column":0},"end":{"line":65,"column":32}},"65":{"start":{"line":66,"column":0},"end":{"line":66,"column":39}},"66":{"start":{"line":67,"column":0},"end":{"line":67,"column":37}},"67":{"start":{"line":68,"column":0},"end":{"line":68,"column":9}},"68":{"start":{"line":69,"column":0},"end":{"line":69,"column":6}},"70":{"start":{"line":71,"column":0},"end":{"line":71,"column":23}},"71":{"start":{"line":72,"column":0},"end":{"line":72,"column":20}},"72":{"start":{"line":73,"column":0},"end":{"line":73,"column":7}},"74":{"start":{"line":75,"column":0},"end":{"line":75,"column":12}},"75":{"start":{"line":76,"column":0},"end":{"line":76,"column":26}},"76":{"start":{"line":77,"column":0},"end":{"line":77,"column":18}},"77":{"start":{"line":78,"column":0},"end":{"line":78,"column":6}},"78":{"start":{"line":79,"column":0},"end":{"line":79,"column":1}}},"s":{"0":1,"1":1,"2":1,"3":1,"5":1,"6":1,"7":1,"8":1,"9":1,"10":7,"12":7,"13":7,"14":7,"15":7,"16":7,"17":7,"18":7,"19":7,"21":6,"23":6,"24":6,"25":6,"26":6,"27":6,"29":0,"30":0,"31":0,"32":0,"33":0,"35":0,"36":0,"38":0,"39":0,"40":0,"41":0,"43":0,"44":6,"45":0,"46":0,"47":0,"48":0,"49":0,"50":0,"51":0,"54":6,"55":0,"56":0,"57":0,"58":0,"59":0,"60":0,"61":7,"63":7,"64":8,"65":0,"66":0,"67":0,"68":7,"70":7,"71":0,"72":7,"74":7,"75":7,"76":7,"77":7,"78":7},"branchMap":{"0":{"type":"branch","line":10,"loc":{"start":{"line":10,"column":7},"end":{"line":79,"column":1}},"locations":[{"start":{"line":10,"column":7},"end":{"line":79,"column":1}}]},"1":{"type":"branch","line":20,"loc":{"start":{"line":20,"column":30},"end":{"line":62,"column":5}},"locations":[{"start":{"line":20,"column":30},"end":{"line":62,"column":5}}]},"2":{"type":"branch","line":28,"loc":{"start":{"line":28,"column":8},"end":{"line":45,"column":66}},"locations":[{"start":{"line":28,"column":8},"end":{"line":45,"column":66}}]},"3":{"type":"branch","line":45,"loc":{"start":{"line":45,"column":67},"end":{"line":45,"column":81}},"locations":[{"start":{"line":45,"column":67},"end":{"line":45,"column":81}}]},"4":{"type":"branch","line":45,"loc":{"start":{"line":45,"column":82},"end":{"line":45,"column":96}},"locations":[{"start":{"line":45,"column":82},"end":{"line":45,"column":96}}]},"5":{"type":"branch","line":45,"loc":{"start":{"line":45,"column":98},"end":{"line":52,"column":13}},"locations":[{"start":{"line":45,"column":98},"end":{"line":52,"column":13}}]},"6":{"type":"branch","line":55,"loc":{"start":{"line":55,"column":10},"end":{"line":61,"column":9}},"locations":[{"start":{"line":55,"column":10},"end":{"line":61,"column":9}}]},"7":{"type":"branch","line":64,"loc":{"start":{"line":64,"column":22},"end":{"line":69,"column":5}},"locations":[{"start":{"line":64,"column":22},"end":{"line":69,"column":5}}]},"8":{"type":"branch","line":65,"loc":{"start":{"line":65,"column":31},"end":{"line":68,"column":9}},"locations":[{"start":{"line":65,"column":31},"end":{"line":68,"column":9}}]}},"b":{"0":[7],"1":[6],"2":[0],"3":[0],"4":[0],"5":[0],"6":[0],"7":[8],"8":[0]},"fnMap":{"0":{"name":"useLeafletMap","decl":{"start":{"line":10,"column":7},"end":{"line":79,"column":1}},"loc":{"start":{"line":10,"column":7},"end":{"line":79,"column":1}},"line":10},"1":{"name":"createOrUpdateMap","decl":{"start":{"line":20,"column":30},"end":{"line":62,"column":5}},"loc":{"start":{"line":20,"column":30},"end":{"line":62,"column":5}},"line":20},"2":{"name":"removeMap","decl":{"start":{"line":64,"column":22},"end":{"line":69,"column":5}},"loc":{"start":{"line":64,"column":22},"end":{"line":69,"column":5}},"line":64}},"f":{"0":7,"1":6,"2":8}}
,"/Users/amartinarias/Documents/Development/Personal Projects/worldbank-app/frontend/src/composables/useSimpleForm.js": {"path":"/Users/amartinarias/Documents/Development/Personal Projects/worldbank-app/frontend/src/composables/useSimpleForm.js","all":false,"statementMap":{"0":{"start":{"line":1,"column":0},"end":{"line":1,"column":18}},"1":{"start":{"line":2,"column":0},"end":{"line":2,"column":50}},"3":{"start":{"line":4,"column":0},"end":{"line":4,"column":3}},"4":{"start":{"line":5,"column":0},"end":{"line":5,"column":70}},"5":{"start":{"line":6,"column":0},"end":{"line":6,"column":55}},"6":{"start":{"line":7,"column":0},"end":{"line":7,"column":50}},"7":{"start":{"line":8,"column":0},"end":{"line":8,"column":3}},"8":{"start":{"line":9,"column":0},"end":{"line":9,"column":53}},"9":{"start":{"line":10,"column":0},"end":{"line":10,"column":46}},"10":{"start":{"line":11,"column":0},"end":{"line":11,"column":31}},"12":{"start":{"line":13,"column":0},"end":{"line":13,"column":7}},"13":{"start":{"line":14,"column":0},"end":{"line":14,"column":43}},"14":{"start":{"line":15,"column":0},"end":{"line":15,"column":46}},"15":{"start":{"line":16,"column":0},"end":{"line":16,"column":53}},"16":{"start":{"line":17,"column":0},"end":{"line":17,"column":7}},"17":{"start":{"line":18,"column":0},"end":{"line":18,"column":38}},"18":{"start":{"line":19,"column":0},"end":{"line":19,"column":56}},"19":{"start":{"line":20,"column":0},"end":{"line":20,"column":13}},"20":{"start":{"line":21,"column":0},"end":{"line":21,"column":50}},"21":{"start":{"line":22,"column":0},"end":{"line":22,"column":49}},"22":{"start":{"line":23,"column":0},"end":{"line":23,"column":25}},"23":{"start":{"line":24,"column":0},"end":{"line":24,"column":51}},"24":{"start":{"line":25,"column":0},"end":{"line":25,"column":75}},"25":{"start":{"line":26,"column":0},"end":{"line":26,"column":67}},"26":{"start":{"line":27,"column":0},"end":{"line":27,"column":20}},"27":{"start":{"line":28,"column":0},"end":{"line":28,"column":62}},"28":{"start":{"line":29,"column":0},"end":{"line":29,"column":58}},"29":{"start":{"line":30,"column":0},"end":{"line":30,"column":81}},"30":{"start":{"line":31,"column":0},"end":{"line":31,"column":13}},"31":{"start":{"line":32,"column":0},"end":{"line":32,"column":47}},"32":{"start":{"line":33,"column":0},"end":{"line":33,"column":9}},"33":{"start":{"line":34,"column":0},"end":{"line":34,"column":6}},"35":{"start":{"line":36,"column":0},"end":{"line":36,"column":7}},"36":{"start":{"line":37,"column":0},"end":{"line":37,"column":71}},"37":{"start":{"line":38,"column":0},"end":{"line":38,"column":7}},"38":{"start":{"line":39,"column":0},"end":{"line":39,"column":43}},"39":{"start":{"line":40,"column":0},"end":{"line":40,"column":38}},"40":{"start":{"line":41,"column":0},"end":{"line":41,"column":30}},"41":{"start":{"line":42,"column":0},"end":{"line":42,"column":6}},"43":{"start":{"line":44,"column":0},"end":{"line":44,"column":12}},"44":{"start":{"line":45,"column":0},"end":{"line":45,"column":17}},"45":{"start":{"line":46,"column":0},"end":{"line":46,"column":19}},"46":{"start":{"line":47,"column":0},"end":{"line":47,"column":21}},"47":{"start":{"line":48,"column":0},"end":{"line":48,"column":20}},"48":{"start":{"line":49,"column":0},"end":{"line":49,"column":6}},"49":{"start":{"line":50,"column":0},"end":{"line":50,"column":1}}},"s":{"0":1,"1":1,"3":1,"4":1,"5":1,"6":1,"7":1,"8":1,"9":8,"10":8,"12":8,"13":8,"14":8,"15":8,"16":8,"17":8,"18":5,"19":5,"20":5,"21":2,"22":5,"23":3,"24":3,"25":3,"26":3,"27":0,"28":0,"29":0,"30":0,"31":3,"32":3,"33":8,"35":8,"36":8,"37":8,"38":8,"39":7,"40":7,"41":8,"43":8,"44":8,"45":8,"46":8,"47":8,"48":8,"49":8},"branchMap":{"0":{"type":"branch","line":9,"loc":{"start":{"line":9,"column":7},"end":{"line":50,"column":1}},"locations":[{"start":{"line":9,"column":7},"end":{"line":50,"column":1}}]},"1":{"type":"branch","line":18,"loc":{"start":{"line":18,"column":25},"end":{"line":34,"column":5}},"locations":[{"start":{"line":18,"column":25},"end":{"line":34,"column":5}}]},"2":{"type":"branch","line":21,"loc":{"start":{"line":21,"column":49},"end":{"line":23,"column":10}},"locations":[{"start":{"line":21,"column":49},"end":{"line":23,"column":10}}]},"3":{"type":"branch","line":23,"loc":{"start":{"line":23,"column":10},"end":{"line":33,"column":9}},"locations":[{"start":{"line":23,"column":10},"end":{"line":33,"column":9}}]},"4":{"type":"branch","line":27,"loc":{"start":{"line":27,"column":13},"end":{"line":31,"column":13}},"locations":[{"start":{"line":27,"column":13},"end":{"line":31,"column":13}}]},"5":{"type":"branch","line":39,"loc":{"start":{"line":39,"column":24},"end":{"line":42,"column":5}},"locations":[{"start":{"line":39,"column":24},"end":{"line":42,"column":5}}]}},"b":{"0":[8],"1":[5],"2":[2],"3":[3],"4":[0],"5":[7]},"fnMap":{"0":{"name":"useSimpleForm","decl":{"start":{"line":9,"column":7},"end":{"line":50,"column":1}},"loc":{"start":{"line":9,"column":7},"end":{"line":50,"column":1}},"line":9},"1":{"name":"validateForm","decl":{"start":{"line":18,"column":25},"end":{"line":34,"column":5}},"loc":{"start":{"line":18,"column":25},"end":{"line":34,"column":5}},"line":18},"2":{"name":"updateField","decl":{"start":{"line":39,"column":24},"end":{"line":42,"column":5}},"loc":{"start":{"line":39,"column":24},"end":{"line":42,"column":5}},"line":39}},"f":{"0":8,"1":5,"2":7}}
,"/Users/amartinarias/Documents/Development/Personal Projects/worldbank-app/frontend/src/composables/useWorldBank.js": {"path":"/Users/amartinarias/Documents/Development/Personal Projects/worldbank-app/frontend/src/composables/useWorldBank.js","all":false,"statementMap":{"0":{"start":{"line":1,"column":0},"end":{"line":1,"column":18}},"1":{"start":{"line":2,"column":0},"end":{"line":2,"column":50}},"2":{"start":{"line":3,"column":0},"end":{"line":3,"column":126}},"4":{"start":{"line":5,"column":0},"end":{"line":5,"column":35}},"5":{"start":{"line":6,"column":0},"end":{"line":6,"column":34}},"6":{"start":{"line":7,"column":0},"end":{"line":7,"column":28}},"7":{"start":{"line":8,"column":0},"end":{"line":8,"column":33}},"9":{"start":{"line":10,"column":0},"end":{"line":10,"column":29}},"10":{"start":{"line":11,"column":0},"end":{"line":11,"column":45}},"11":{"start":{"line":12,"column":0},"end":{"line":12,"column":31}},"12":{"start":{"line":13,"column":0},"end":{"line":13,"column":33}},"13":{"start":{"line":14,"column":0},"end":{"line":14,"column":27}},"15":{"start":{"line":16,"column":0},"end":{"line":16,"column":70}},"17":{"start":{"line":18,"column":0},"end":{"line":18,"column":13}},"18":{"start":{"line":19,"column":0},"end":{"line":19,"column":44}},"19":{"start":{"line":20,"column":0},"end":{"line":20,"column":53}},"21":{"start":{"line":22,"column":0},"end":{"line":22,"column":51}},"22":{"start":{"line":23,"column":0},"end":{"line":23,"column":71}},"23":{"start":{"line":24,"column":0},"end":{"line":24,"column":100}},"24":{"start":{"line":25,"column":0},"end":{"line":25,"column":84}},"25":{"start":{"line":26,"column":0},"end":{"line":26,"column":46}},"27":{"start":{"line":28,"column":0},"end":{"line":28,"column":76}},"28":{"start":{"line":29,"column":0},"end":{"line":29,"column":23}},"29":{"start":{"line":30,"column":0},"end":{"line":30,"column":76}},"30":{"start":{"line":31,"column":0},"end":{"line":31,"column":111}},"31":{"start":{"line":32,"column":0},"end":{"line":32,"column":19}},"32":{"start":{"line":33,"column":0},"end":{"line":33,"column":36}},"33":{"start":{"line":34,"column":0},"end":{"line":34,"column":9}},"34":{"start":{"line":35,"column":0},"end":{"line":35,"column":6}},"36":{"start":{"line":37,"column":0},"end":{"line":37,"column":12}},"37":{"start":{"line":38,"column":0},"end":{"line":38,"column":20}},"38":{"start":{"line":39,"column":0},"end":{"line":39,"column":14}},"39":{"start":{"line":40,"column":0},"end":{"line":40,"column":18}},"40":{"start":{"line":41,"column":0},"end":{"line":41,"column":20}},"41":{"start":{"line":42,"column":0},"end":{"line":42,"column":6}},"42":{"start":{"line":43,"column":0},"end":{"line":43,"column":1}}},"s":{"0":1,"1":1,"2":1,"4":1,"5":6,"6":6,"7":6,"9":6,"10":6,"11":6,"12":6,"13":6,"15":6,"17":6,"18":6,"19":6,"21":4,"22":4,"23":4,"24":4,"25":4,"27":4,"28":6,"29":2,"30":2,"31":6,"32":6,"33":6,"34":6,"36":6,"37":6,"38":6,"39":6,"40":6,"41":6,"42":6},"branchMap":{"0":{"type":"branch","line":5,"loc":{"start":{"line":5,"column":7},"end":{"line":43,"column":1}},"locations":[{"start":{"line":5,"column":7},"end":{"line":43,"column":1}}]},"1":{"type":"branch","line":11,"loc":{"start":{"line":11,"column":25},"end":{"line":35,"column":5}},"locations":[{"start":{"line":11,"column":25},"end":{"line":35,"column":5}}]},"2":{"type":"branch","line":20,"loc":{"start":{"line":20,"column":52},"end":{"line":29,"column":10}},"locations":[{"start":{"line":20,"column":52},"end":{"line":29,"column":10}}]},"3":{"type":"branch","line":29,"loc":{"start":{"line":29,"column":10},"end":{"line":32,"column":9}},"locations":[{"start":{"line":29,"column":10},"end":{"line":32,"column":9}}]},"4":{"type":"branch","line":31,"loc":{"start":{"line":31,"column":38},"end":{"line":31,"column":51}},"locations":[{"start":{"line":31,"column":38},"end":{"line":31,"column":51}}]},"5":{"type":"branch","line":31,"loc":{"start":{"line":31,"column":52},"end":{"line":31,"column":66}},"locations":[{"start":{"line":31,"column":52},"end":{"line":31,"column":66}}]},"6":{"type":"branch","line":31,"loc":{"start":{"line":31,"column":67},"end":{"line":31,"column":110}},"locations":[{"start":{"line":31,"column":67},"end":{"line":31,"column":110}}]}},"b":{"0":[6],"1":[6],"2":[4],"3":[2],"4":[1],"5":[1],"6":[0]},"fnMap":{"0":{"name":"useWorldBankApi","decl":{"start":{"line":5,"column":7},"end":{"line":43,"column":1}},"loc":{"start":{"line":5,"column":7},"end":{"line":43,"column":1}},"line":5},"1":{"name":"fetchCountry","decl":{"start":{"line":11,"column":25},"end":{"line":35,"column":5}},"loc":{"start":{"line":11,"column":25},"end":{"line":35,"column":5}},"line":11}},"f":{"0":6,"1":6}}
,"/Users/amartinarias/Documents/Development/Personal Projects/worldbank-app/frontend/src/schemas/validationSchemas.js": {"path":"/Users/amartinarias/Documents/Development/Personal Projects/worldbank-app/frontend/src/schemas/validationSchemas.js","all":false,"statementMap":{"0":{"start":{"line":1,"column":0},"end":{"line":1,"column":23}},"1":{"start":{"line":2,"column":0},"end":{"line":2,"column":50}},"3":{"start":{"line":4,"column":0},"end":{"line":4,"column":3}},"4":{"start":{"line":5,"column":0},"end":{"line":5,"column":60}},"5":{"start":{"line":6,"column":0},"end":{"line":6,"column":47}},"6":{"start":{"line":7,"column":0},"end":{"line":7,"column":3}},"7":{"start":{"line":8,"column":0},"end":{"line":8,"column":43}},"8":{"start":{"line":9,"column":0},"end":{"line":9,"column":25}},"9":{"start":{"line":10,"column":0},"end":{"line":10,"column":72}},"10":{"start":{"line":11,"column":0},"end":{"line":11,"column":42}},"11":{"start":{"line":12,"column":0},"end":{"line":12,"column":49}},"12":{"start":{"line":13,"column":0},"end":{"line":13,"column":48}},"13":{"start":{"line":14,"column":0},"end":{"line":14,"column":77}},"14":{"start":{"line":15,"column":0},"end":{"line":15,"column":69}},"15":{"start":{"line":16,"column":0},"end":{"line":16,"column":3}}},"s":{"0":1,"1":1,"3":1,"4":1,"5":1,"6":1,"7":1,"8":1,"9":1,"10":1,"11":1,"12":1,"13":1,"14":1,"15":1},"branchMap":{"0":{"type":"branch","line":13,"loc":{"start":{"line":13,"column":19},"end":{"line":13,"column":47}},"locations":[{"start":{"line":13,"column":19},"end":{"line":13,"column":47}}]}},"b":{"0":[5]},"fnMap":{},"f":{}}
}
